<?xml version="1.0" encoding="UTF-8"?>
<!-- Generated by org.testng.reporters.JUnitReportReporter -->
<testsuite hostname="LAPTOP-73L21MJR" failures="0" tests="3" name="testCases.RegistrationTestcase" time="20.645" errors="0" timestamp="2024-03-01T16:31:54 IST" skipped="0">
  <testcase classname="testCases.RegistrationTestcase" name="OpenBrowser" time="1.938"/>
  <testcase classname="testCases.RegistrationTestcase" name="launchApp" time="0.485"/>
  <testcase classname="testCases.RegistrationTestcase" name="register" time="18.222"/>
</testsuite> <!-- testCases.RegistrationTestcase -->
