<?xml version="1.0" encoding="UTF-8"?>
<!-- Generated by org.testng.reporters.JUnitReportReporter -->
<testsuite hostname="LAPTOP-73L21MJR" failures="0" tests="3" name="testCases.RegistrationTestcase" time="22.970" errors="0" timestamp="2024-02-23T15:45:59 IST" skipped="0">
  <testcase classname="testCases.RegistrationTestcase" name="OpenBrowser" time="4.087"/>
  <testcase classname="testCases.RegistrationTestcase" name="launchApp" time="0.816"/>
  <testcase classname="testCases.RegistrationTestcase" name="register" time="18.067"/>
</testsuite> <!-- testCases.RegistrationTestcase -->
