<?xml version="1.0" encoding="UTF-8"?>
<!-- Generated by org.testng.reporters.JUnitReportReporter -->
<testsuite hostname="LAPTOP-73L21MJR" failures="0" tests="1" name="testCases.LoginTestCase" time="10.908" errors="0" timestamp="2024-03-01T16:30:51 IST" skipped="0">
  <testcase classname="testCases.LoginTestCase" name="login" time="10.908"/>
</testsuite> <!-- testCases.LoginTestCase -->
